<?xml version="1.0" encoding="UTF-8"?>
<!-- Generated by org.testng.reporters.JUnitReportReporter -->
<testsuite hostname="GANESHA" failures="0" tests="1" name="testCases.TC_009_SearchProduct" time="249.168" errors="0" timestamp="2023-04-09T18:19:42 IST" skipped="0">
  <testcase classname="testCases.TC_009_SearchProduct" name="testSearchProduct" time="249.168"/>
  <system-out/>
</testsuite> <!-- testCases.TC_009_SearchProduct -->
