<?xml version="1.0" encoding="UTF-8"?>
<!-- Generated by org.testng.reporters.JUnitReportReporter -->
<testsuite hostname="GANESHA" failures="0" tests="1" name="testCases.TC_010_SubscriptionInHomePage" time="0.811" errors="0" timestamp="2023-04-12T22:14:22 IST" skipped="0">
  <testcase classname="testCases.TC_010_SubscriptionInHomePage" name="testSubscriptionInHomePage" time="0.811"/>
  <system-out/>
</testsuite> <!-- testCases.TC_010_SubscriptionInHomePage -->
