<?xml version="1.0" encoding="UTF-8"?>
<!-- Generated by org.testng.reporters.JUnitReportReporter -->
<testsuite hostname="GANESHA" failures="0" tests="1" name="testCases.TC_007_TestCasesPage" time="168.258" errors="0" timestamp="2023-04-09T16:10:00 IST" skipped="0">
  <testcase classname="testCases.TC_007_TestCasesPage" name="verifyTestCasesPage" time="168.258"/>
  <system-out/>
</testsuite> <!-- testCases.TC_007_TestCasesPage -->
