<?xml version="1.0" encoding="UTF-8"?>
<!-- Generated by org.testng.reporters.JUnitReportReporter -->
<testsuite hostname="GANESHA" failures="0" tests="1" name="testCases.TC_010_SubscriptionInHomePage" time="0.421" errors="0" timestamp="2023-04-14T22:08:21 IST" skipped="0">
  <testcase classname="testCases.TC_010_SubscriptionInHomePage" name="testSubscriptionInHomePage" time="0.421"/>
  <system-out/>
</testsuite> <!-- testCases.TC_010_SubscriptionInHomePage -->
