<?xml version="1.0" encoding="UTF-8"?>
<!-- Generated by org.testng.reporters.JUnitReportReporter -->
<testsuite hostname="GANESHA" failures="0" tests="1" name="testCases.TC_11_SubcriptionInCartPage" time="2.774" errors="0" timestamp="2023-04-14T22:14:10 IST" skipped="0">
  <testcase classname="testCases.TC_11_SubcriptionInCartPage" name="testSubcriptionINCartPage" time="2.774"/>
  <system-out/>
</testsuite> <!-- testCases.TC_11_SubcriptionInCartPage -->
