<?xml version="1.0" encoding="UTF-8"?>
<!-- Generated by org.testng.reporters.JUnitReportReporter -->
<testsuite hostname="GANESHA" failures="0" tests="1" name="testCases.TC_004_LogInWithExistingMail" time="100.535" errors="0" timestamp="2023-04-08T19:39:55 IST" skipped="0">
  <testcase classname="testCases.TC_004_LogInWithExistingMail" name="logInWithExistingMail" time="100.535"/>
  <system-out/>
</testsuite> <!-- testCases.TC_004_LogInWithExistingMail -->
