<?xml version="1.0" encoding="UTF-8"?>
<!-- Generated by org.testng.reporters.JUnitReportReporter -->
<testsuite hostname="GANESHA" failures="0" tests="1" name="testCases.TC_008_ProductListAndProductDetails" time="125.820" errors="0" timestamp="2023-04-09T17:46:40 IST" skipped="0">
  <testcase classname="testCases.TC_008_ProductListAndProductDetails" name="VerifyAllProductsAndProductDetailPage" time="125.820"/>
  <system-out/>
</testsuite> <!-- testCases.TC_008_ProductListAndProductDetails -->
