<?xml version="1.0" encoding="UTF-8"?>
<!-- Generated by org.testng.reporters.JUnitReportReporter -->
<testsuite hostname="GANESHA" failures="0" tests="1" name="testCases.TC_002_LogInWithValid" time="62.544" errors="0" timestamp="2023-04-08T10:21:37 IST" skipped="0">
  <testcase classname="testCases.TC_002_LogInWithValid" name="LoginUserwithcorrectemailAndPassword" time="62.544"/>
  <system-out/>
</testsuite> <!-- testCases.TC_002_LogInWithValid -->
