<?xml version="1.0" encoding="UTF-8"?>
<!-- Generated by org.testng.reporters.JUnitReportReporter -->
<testsuite hostname="GANESHA" failures="0" tests="1" name="testCases.TC_001_CreatenewUser" time="99.468" errors="0" timestamp="2023-04-07T22:23:04 IST" skipped="0">
  <testcase classname="testCases.TC_001_CreatenewUser" name="testCreateUser" time="99.468"/>
  <system-out/>
</testsuite> <!-- testCases.TC_001_CreatenewUser -->
