<?xml version="1.0" encoding="UTF-8"?>
<!-- Generated by org.testng.reporters.JUnitReportReporter -->
<testsuite hostname="GANESHA" failures="0" tests="1" name="testCases.TC_005_LogoutUser" time="10.149" errors="0" timestamp="2023-04-14T23:11:32 IST" skipped="0">
  <testcase classname="testCases.TC_005_LogoutUser" name="testLogoutUser" time="10.149"/>
  <system-out/>
</testsuite> <!-- testCases.TC_005_LogoutUser -->
