<?xml version="1.0" encoding="UTF-8"?>
<!-- Generated by org.testng.reporters.JUnitReportReporter -->
<testsuite hostname="GANESHA" failures="0" tests="1" name="testCases.TC_006_ContactUsForm" time="18.726" errors="0" timestamp="2023-04-09T15:38:54 IST" skipped="0">
  <testcase classname="testCases.TC_006_ContactUsForm" name="testContactUsForm" time="18.726"/>
  <system-out/>
</testsuite> <!-- testCases.TC_006_ContactUsForm -->
