<?xml version="1.0" encoding="UTF-8"?>
<!-- Generated by org.testng.reporters.JUnitReportReporter -->
<testsuite hostname="GANESHA" failures="0" tests="1" name="testCases.TC_003_LigInWithInvalid" time="5.235" errors="0" timestamp="2023-04-14T23:11:32 IST" skipped="0">
  <testcase classname="testCases.TC_003_LigInWithInvalid" name="LoginUerWithIncorrectEmailAndPassword" time="5.235"/>
  <system-out/>
</testsuite> <!-- testCases.TC_003_LigInWithInvalid -->
